[04Sep2025 00:02:16.610] [Server thread/WARN] [net.minecraft.server.level.ServerPlayerGameMode/]: Mismatch in destroy block pos: BlockPos{x=1626, y=39, z=-2474} BlockPos{x=1580, y=42, z=-2436}
[04Sep2025 00:05:40.884] [Server thread/INFO] [net.minecraft.server.network.ServerGamePacketListenerImpl/]: facuuundooo lost connection: Disconnected
[04Sep2025 00:05:40.885] [Server thread/INFO] [net.minecraft.server.MinecraftServer/]: facuuundooo left the game
[04Sep2025 00:22:11.342] [Server thread/INFO] [net.minecraft.server.MinecraftServer/]: caver burned to death
[04Sep2025 00:22:11.344] [Server thread/INFO] [tombstone/]: The player caver has successfully been saved
[04Sep2025 00:26:16.757] [Server thread/INFO] [net.minecraft.server.players.PlayerList/]: facuuundooo[/127.150.20.157:53875] logged in with entity id 39717 at (2176.2813988074086, 100.0, -2711.882580905193)
[04Sep2025 00:26:16.763] [Server thread/INFO] [net.minecraft.server.MinecraftServer/]: facuuundooo joined the game
[04Sep2025 00:26:34.118] [Worker-Main-3/ERROR] [net.minecraft.world.entity.decoration.HangingEntity/]: Hanging entity at invalid position: BlockPos{x=569, y=-13, z=-248}
[04Sep2025 00:26:34.160] [Worker-Main-2/ERROR] [net.minecraft.world.entity.decoration.HangingEntity/]: Hanging entity at invalid position: BlockPos{x=569, y=-12, z=-241}
[04Sep2025 00:26:34.161] [Worker-Main-2/ERROR] [net.minecraft.world.entity.decoration.HangingEntity/]: Hanging entity at invalid position: BlockPos{x=569, y=-12, z=-242}
[04Sep2025 00:26:37.401] [Worker-Main-1/ERROR] [net.minecraft.world.entity.decoration.HangingEntity/]: Hanging entity at invalid position: BlockPos{x=559, y=-26, z=-250}
[04Sep2025 00:26:37.401] [Worker-Main-1/ERROR] [net.minecraft.world.entity.decoration.HangingEntity/]: Hanging entity at invalid position: BlockPos{x=563, y=-26, z=-248}
[04Sep2025 00:26:37.402] [Worker-Main-1/ERROR] [net.minecraft.world.entity.decoration.HangingEntity/]: Hanging entity at invalid position: BlockPos{x=563, y=-12, z=-248}
[04Sep2025 00:26:37.402] [Worker-Main-1/ERROR] [net.minecraft.world.entity.decoration.HangingEntity/]: Hanging entity at invalid position: BlockPos{x=563, y=-12, z=-249}
[04Sep2025 00:26:37.494] [Worker-Main-1/ERROR] [net.minecraft.world.entity.decoration.HangingEntity/]: Hanging entity at invalid position: BlockPos{x=562, y=-26, z=-242}
[04Sep2025 00:26:37.494] [Worker-Main-1/ERROR] [net.minecraft.world.entity.decoration.HangingEntity/]: Hanging entity at invalid position: BlockPos{x=562, y=-12, z=-242}
[04Sep2025 00:26:37.494] [Worker-Main-1/ERROR] [net.minecraft.world.entity.decoration.HangingEntity/]: Hanging entity at invalid position: BlockPos{x=563, y=-13, z=-242}
[04Sep2025 00:31:33.142] [Server thread/INFO] [net.minecraft.server.network.ServerGamePacketListenerImpl/]: caver lost connection: Disconnected
[04Sep2025 00:31:33.142] [Server thread/INFO] [net.minecraft.server.MinecraftServer/]: caver left the game
[04Sep2025 00:35:53.904] [Server thread/INFO] [net.minecraft.server.players.PlayerList/]: caver[/127.72.158.84:48715] logged in with entity id 42585 at (724.6999999880791, 75.0, -704.3482061226221)
[04Sep2025 00:35:53.910] [Server thread/INFO] [net.minecraft.server.MinecraftServer/]: caver joined the game
[04Sep2025 00:39:06.969] [Server thread/WARN] [net.minecraft.server.level.ServerPlayerGameMode/]: Mismatch in destroy block pos: BlockPos{x=743, y=97, z=-696} BlockPos{x=743, y=96, z=-696}
[04Sep2025 00:39:10.320] [Server thread/WARN] [net.minecraft.server.level.ServerPlayerGameMode/]: Mismatch in destroy block pos: BlockPos{x=748, y=92, z=-696} BlockPos{x=748, y=93, z=-696}
[04Sep2025 00:39:10.398] [Server thread/WARN] [net.minecraft.server.level.ServerPlayerGameMode/]: Mismatch in destroy block pos: BlockPos{x=748, y=92, z=-696} BlockPos{x=748, y=93, z=-696}
[04Sep2025 00:42:36.415] [Worker-Main-1/INFO] [citadel/]: vanilla surface rule behavior unchanged
[04Sep2025 00:42:38.750] [Server thread/WARN] [net.minecraft.server.MinecraftServer/]: Can't keep up! Is the server overloaded? Running 5671ms or 113 ticks behind
[04Sep2025 00:42:38.833] [Server thread/WARN] [net.minecraft.server.network.ServerGamePacketListenerImpl/]: caver moved too quickly! 6.965859862587081,4.384820761176158,5.795241158899216
[04Sep2025 00:44:45.401] [Server thread/INFO] [net.minecraft.server.MinecraftServer/]: facuuundooo has made the advancement [Radioactive]
[04Sep2025 00:45:20.427] [Server thread/INFO] [net.minecraft.server.MinecraftServer/]: caver has made the advancement [Straddle My Ol' Saddle]
[04Sep2025 00:45:32.194] [Server thread/INFO] [net.minecraft.world.entity.LivingEntity/]: Named entity Blaze['Pipeline Sentry'/47331, l='ServerLevel[world]', x=295.73, y=34.00, z=-206.62] died: Pipeline Sentry suffocated in a wall
[04Sep2025 00:46:01.133] [Server thread/INFO] [net.minecraft.server.MinecraftServer/]: facuuundooo has made the advancement [Toxic Personality]
[04Sep2025 00:46:52.398] [Server thread/INFO] [net.minecraft.server.MinecraftServer/]: facuuundooo has made the advancement [A Terrible Fortress]
[04Sep2025 00:48:34.553] [Server thread/INFO] [net.minecraft.world.entity.LivingEntity/]: Named entity Slime['Toxic Slime'/49197, l='ServerLevel[world]', x=239.46, y=60.00, z=44.31] died: 1$s has perished from holy damage
[04Sep2025 00:48:40.786] [Server thread/INFO] [net.minecraft.world.entity.LivingEntity/]: Named entity Slime['Toxic Slime'/48103, l='ServerLevel[world]', x=268.72, y=-20.00, z=27.76] died: Toxic Slime was killed
[04Sep2025 00:48:59.802] [Server thread/INFO] [net.minecraft.world.entity.LivingEntity/]: Named entity Slime['Toxic Slime'/49422, l='ServerLevel[world]', x=310.94, y=60.00, z=41.78] died: 1$s has perished from holy damage
[04Sep2025 00:50:24.218] [Server thread/INFO] [net.minecraft.server.MinecraftServer/]: caver was doomed to fall by Straddler
[04Sep2025 00:50:24.223] [Server thread/INFO] [tombstone/]: The player caver has successfully been saved
[04Sep2025 00:50:36.787] [Server thread/INFO] [net.minecraft.world.entity.LivingEntity/]: Named entity Slime['Toxic Slime'/49178, l='ServerLevel[world]', x=389.05, y=-20.00, z=33.88] died: Toxic Slime was killed
[04Sep2025 00:51:09.788] [Server thread/INFO] [net.minecraft.world.entity.LivingEntity/]: Named entity Slime['Toxic Slime'/49436, l='ServerLevel[world]', x=299.26, y=-20.00, z=60.97] died: Toxic Slime was killed
[04Sep2025 00:51:09.789] [Server thread/INFO] [net.minecraft.world.entity.LivingEntity/]: Named entity Slime['Toxic Slime'/49437, l='ServerLevel[world]', x=401.60, y=-20.00, z=47.47] died: Toxic Slime was killed
[04Sep2025 00:51:14.852] [Server thread/INFO] [net.minecraft.server.MinecraftServer/]: caver has reached the goal [Chain Death]
[04Sep2025 00:51:14.852] [Server thread/INFO] [net.minecraft.server.MinecraftServer/]: caver discovered the floor was lava
[04Sep2025 00:51:14.855] [Server thread/INFO] [tombstone/]: The player caver has successfully been saved
[04Sep2025 00:51:18.788] [Server thread/INFO] [net.minecraft.world.entity.LivingEntity/]: Named entity Slime['Toxic Slime'/49505, l='ServerLevel[world]', x=336.26, y=-20.00, z=56.74] died: Toxic Slime was killed
[04Sep2025 00:51:23.788] [Server thread/INFO] [net.minecraft.world.entity.LivingEntity/]: Named entity Slime['Toxic Slime'/49526, l='ServerLevel[world]', x=395.33, y=-20.00, z=27.51] died: Toxic Slime was killed
[04Sep2025 00:51:36.787] [Server thread/INFO] [net.minecraft.world.entity.LivingEntity/]: Named entity Slime['Toxic Slime'/49584, l='ServerLevel[world]', x=339.74, y=-20.00, z=49.26] died: Toxic Slime was killed
[04Sep2025 00:51:38.788] [Server thread/INFO] [net.minecraft.world.entity.LivingEntity/]: Named entity Slime['Toxic Slime'/49611, l='ServerLevel[world]', x=333.25, y=-20.00, z=54.49] died: Toxic Slime was killed
[04Sep2025 00:51:39.788] [Server thread/INFO] [net.minecraft.world.entity.LivingEntity/]: Named entity Slime['Toxic Slime'/49614, l='ServerLevel[world]', x=338.26, y=-20.00, z=52.26] died: Toxic Slime was killed
[04Sep2025 00:52:13.788] [Server thread/INFO] [net.minecraft.world.entity.LivingEntity/]: Named entity Slime['Toxic Slime'/49869, l='ServerLevel[world]', x=338.80, y=-20.00, z=88.74] died: Toxic Slime was killed
[04Sep2025 00:52:42.788] [Server thread/INFO] [net.minecraft.world.entity.LivingEntity/]: Named entity Slime['Toxic Slime'/50052, l='ServerLevel[world]', x=300.26, y=-20.00, z=79.08] died: Toxic Slime was killed
[04Sep2025 00:52:57.789] [Server thread/INFO] [net.minecraft.world.entity.LivingEntity/]: Named entity Slime['Toxic Slime'/50498, l='ServerLevel[world]', x=383.81, y=-20.00, z=75.51] died: Toxic Slime was killed
[04Sep2025 00:53:16.787] [Server thread/INFO] [net.minecraft.world.entity.LivingEntity/]: Named entity Slime['Toxic Slime'/50635, l='ServerLevel[world]', x=321.79, y=-20.00, z=74.74] died: Toxic Slime was killed
[04Sep2025 00:53:21.788] [Server thread/INFO] [net.minecraft.world.entity.LivingEntity/]: Named entity Slime['Toxic Slime'/50679, l='ServerLevel[world]', x=411.13, y=-20.00, z=116.14] died: Toxic Slime was killed
[04Sep2025 00:53:25.525] [Server thread/INFO] [net.minecraft.server.MinecraftServer/]: caver has made the advancement [The Most Useful Key]
[04Sep2025 00:53:30.787] [Server thread/INFO] [net.minecraft.world.entity.LivingEntity/]: Named entity Slime['Toxic Slime'/50820, l='ServerLevel[world]', x=115.63, y=-20.00, z=8.85] died: Toxic Slime was killed
[04Sep2025 00:53:32.206] [Server thread/INFO] [net.minecraft.server.MinecraftServer/]: caver has reached the goal [A Fast Comeback]
[04Sep2025 00:53:34.980] [Server thread/WARN] [net.minecraft.server.MinecraftServer/]: Can't keep up! Is the server overloaded? Running 2701ms or 54 ticks behind
[04Sep2025 00:53:44.754] [Server thread/WARN] [net.minecraft.server.level.ServerPlayerGameMode/]: Mismatch in destroy block pos: BlockPos{x=313, y=62, z=57} BlockPos{x=314, y=62, z=57}
[04Sep2025 00:54:03.112] [Server thread/INFO] [net.minecraft.server.network.ServerGamePacketListenerImpl/]: facuuundooo lost connection: Disconnected
[04Sep2025 00:54:03.112] [Server thread/INFO] [net.minecraft.server.MinecraftServer/]: facuuundooo left the game
[04Sep2025 00:54:12.016] [Server thread/INFO] [net.minecraft.server.players.PlayerList/]: facuuundooo[/127.150.20.157:59557] logged in with entity id 52306 at (312.0717527465634, 61.0, 85.96022306013748)
[04Sep2025 00:54:12.023] [Server thread/INFO] [net.minecraft.server.MinecraftServer/]: facuuundooo joined the game
[04Sep2025 00:54:34.759] [Server thread/INFO] [net.minecraft.server.network.ServerGamePacketListenerImpl/]: facuuundooo lost connection: Disconnected
[04Sep2025 00:54:34.759] [Server thread/INFO] [net.minecraft.server.MinecraftServer/]: facuuundooo left the game
[04Sep2025 00:55:01.044] [Server thread/INFO] [net.minecraft.server.MinecraftServer/]: caver has made the advancement [A Terrible Fortress]
[04Sep2025 00:56:44.361] [Server thread/INFO] [net.minecraft.server.players.PlayerList/]: facuuundooo[/127.150.20.157:41263] logged in with entity id 53045 at (289.7595040757876, 60.0, 44.23234036402416)
[04Sep2025 00:56:44.368] [Server thread/INFO] [net.minecraft.server.MinecraftServer/]: facuuundooo joined the game
[04Sep2025 00:57:55.905] [Server thread/INFO] [net.minecraft.world.entity.LivingEntity/]: Named entity Slime['Toxic Slime'/53458, l='ServerLevel[world]', x=144.70, y=33.00, z=134.19] died: 1$s has perished from holy damage
[04Sep2025 00:58:15.405] [Server thread/INFO] [net.minecraft.world.entity.LivingEntity/]: Named entity Slime['Toxic Slime'/53688, l='ServerLevel[world]', x=143.22, y=32.00, z=126.48] died: 1$s has perished from holy damage
[04Sep2025 00:58:38.404] [Server thread/INFO] [net.minecraft.world.entity.LivingEntity/]: Named entity Slime['Toxic Slime'/53820, l='ServerLevel[world]', x=138.29, y=32.89, z=125.97] died: 1$s has perished from holy damage
[04Sep2025 00:58:39.605] [Server thread/INFO] [net.minecraft.world.entity.LivingEntity/]: Named entity Slime['Toxic Slime'/53821, l='ServerLevel[world]', x=139.19, y=33.00, z=124.59] died: 1$s has perished from holy damage
[04Sep2025 00:58:41.608] [Server thread/INFO] [net.minecraft.world.entity.LivingEntity/]: Named entity Slime['Toxic Slime'/53549, l='ServerLevel[world]', x=139.20, y=32.86, z=123.23] died: 1$s has perished from holy damage
[04Sep2025 00:58:42.752] [Server thread/INFO] [net.minecraft.world.entity.LivingEntity/]: Named entity Slime['Toxic Slime'/53459, l='ServerLevel[world]', x=140.20, y=33.26, z=122.74] died: 1$s has perished from holy damage
[04Sep2025 00:58:54.729] [Server thread/INFO] [net.minecraft.world.entity.LivingEntity/]: Named entity Slime['Toxic Slime'/54108, l='ServerLevel[world]', x=138.18, y=33.00, z=124.34] died: 1$s has perished from holy damage
[04Sep2025 00:59:36.401] [Server thread/INFO] [net.minecraft.server.MinecraftServer/]: facuuundooo has reached the goal [Pocket Edition Alpha]
[04Sep2025 00:59:43.951] [Server thread/INFO] [net.minecraft.world.entity.LivingEntity/]: Named entity Slime['Toxic Slime'/54252, l='ServerLevel[world]', x=129.82, y=32.84, z=137.66] died: 1$s has perished from holy damage
[04Sep2025 00:59:54.488] [Server thread/INFO] [net.minecraft.world.entity.LivingEntity/]: Named entity Slime['Toxic Slime'/53480, l='ServerLevel[world]', x=185.26, y=-20.00, z=129.26] died: Toxic Slime was killed
[04Sep2025 01:00:42.827] [Server thread/INFO] [net.minecraft.world.entity.LivingEntity/]: Named entity Slime['Toxic Slime'/53949, l='ServerLevel[world]', x=125.74, y=33.59, z=131.74] died: 1$s has perished from holy damage
[04Sep2025 01:00:54.488] [Server thread/INFO] [net.minecraft.world.entity.LivingEntity/]: Named entity Slime['Toxic Slime'/53983, l='ServerLevel[world]', x=174.03, y=-20.00, z=141.85] died: Toxic Slime was killed
[04Sep2025 01:01:12.490] [Server thread/INFO] [net.minecraft.world.entity.LivingEntity/]: Named entity Slime['Toxic Slime'/54095, l='ServerLevel[world]', x=180.71, y=-20.00, z=139.14] died: Toxic Slime was killed
[04Sep2025 01:01:12.490] [Server thread/INFO] [net.minecraft.world.entity.LivingEntity/]: Named entity Slime['Toxic Slime'/54099, l='ServerLevel[world]', x=161.10, y=-20.00, z=207.26] died: Toxic Slime was killed
[04Sep2025 01:01:19.489] [Server thread/INFO] [net.minecraft.world.entity.LivingEntity/]: Named entity Slime['Toxic Slime'/54161, l='ServerLevel[world]', x=-62.26, y=-20.00, z=-572.74] died: Toxic Slime was killed
[04Sep2025 01:01:29.490] [Server thread/INFO] [net.minecraft.world.entity.LivingEntity/]: Named entity Slime['Toxic Slime'/54237, l='ServerLevel[world]', x=122.03, y=-20.00, z=89.08] died: Toxic Slime was killed
[04Sep2025 01:01:32.490] [Server thread/INFO] [net.minecraft.world.entity.LivingEntity/]: Named entity Slime['Toxic Slime'/54253, l='ServerLevel[world]', x=105.66, y=-20.00, z=121.26] died: Toxic Slime was killed
[04Sep2025 01:02:04.489] [Server thread/INFO] [net.minecraft.world.entity.LivingEntity/]: Named entity Slime['Toxic Slime'/54444, l='ServerLevel[world]', x=180.71, y=-20.00, z=139.58] died: Toxic Slime was killed
[04Sep2025 01:02:11.491] [Server thread/INFO] [net.minecraft.world.entity.LivingEntity/]: Named entity Slime['Toxic Slime'/54476, l='ServerLevel[world]', x=103.47, y=-20.00, z=136.40] died: Toxic Slime was killed
[04Sep2025 01:02:59.156] [Server thread/INFO] [net.minecraft.server.MinecraftServer/]: Unknown or incomplete command, see below for error
[04Sep2025 01:02:59.157] [Server thread/INFO] [net.minecraft.server.MinecraftServer/]: giva facuuundooo bow<--[HERE]
[04Sep2025 01:03:02.489] [Server thread/INFO] [net.minecraft.world.entity.LivingEntity/]: Named entity Slime['Toxic Slime'/54779, l='ServerLevel[world]', x=84.74, y=-20.00, z=122.26] died: Toxic Slime was killed
[04Sep2025 01:03:29.489] [Server thread/INFO] [net.minecraft.world.entity.LivingEntity/]: Named entity Slime['Toxic Slime'/54960, l='ServerLevel[world]', x=156.22, y=-20.00, z=200.17] died: Toxic Slime was killed
[04Sep2025 01:03:52.488] [Server thread/INFO] [net.minecraft.world.entity.LivingEntity/]: Named entity Slime['Toxic Slime'/55078, l='ServerLevel[world]', x=138.22, y=-20.00, z=52.93] died: Toxic Slime was killed
[04Sep2025 01:04:20.807] [Server thread/INFO] [net.minecraft.server.MinecraftServer/]: Set facuuundooo's game mode to Creative Mode
[04Sep2025 01:04:25.489] [Server thread/INFO] [net.minecraft.world.entity.LivingEntity/]: Named entity Slime['Toxic Slime'/55298, l='ServerLevel[world]', x=98.63, y=-20.00, z=107.87] died: Toxic Slime was killed
[04Sep2025 01:05:23.409] [Server thread/INFO] [net.minecraft.server.MinecraftServer/]: A player is required to run this command here
[04Sep2025 01:05:37.489] [Server thread/INFO] [net.minecraft.world.entity.LivingEntity/]: Named entity Slime['Toxic Slime'/55721, l='ServerLevel[world]', x=102.26, y=-20.00, z=150.74] died: Toxic Slime was killed
[04Sep2025 01:05:39.664] [Server thread/INFO] [net.minecraft.server.MinecraftServer/]: Set facuuundooo's game mode to Survival Mode
[04Sep2025 01:05:44.489] [Server thread/INFO] [net.minecraft.world.entity.LivingEntity/]: Named entity Slime['Toxic Slime'/55775, l='ServerLevel[world]', x=80.74, y=-20.00, z=124.58] died: Toxic Slime was killed
[04Sep2025 01:05:49.454] [Server thread/INFO] [net.minecraft.server.MinecraftServer/]: facuuundooo has made the advancement [Take Aim]
[04Sep2025 01:06:10.489] [Server thread/INFO] [net.minecraft.world.entity.LivingEntity/]: Named entity Slime['Toxic Slime'/55980, l='ServerLevel[world]', x=-78.12, y=-20.00, z=-573.24] died: Toxic Slime was killed
[04Sep2025 01:06:36.903] [Server thread/INFO] [net.minecraft.world.entity.LivingEntity/]: Named entity Ghast['Ghast Sentry'/53100, l='ServerLevel[world]', x=108.41, y=46.00, z=116.59] died: Ghast Sentry was shot by facuuundooo
[04Sep2025 01:06:41.773] [Server thread/INFO] [net.minecraft.world.entity.LivingEntity/]: Named entity Slime['Toxic Slime'/56185, l='ServerLevel[world]', x=89.26, y=33.64, z=145.31] died: 1$s has perished from holy damage
[04Sep2025 01:07:14.489] [Server thread/INFO] [net.minecraft.world.entity.LivingEntity/]: Named entity Slime['Toxic Slime'/56342, l='ServerLevel[world]', x=122.74, y=-20.00, z=147.74] died: Toxic Slime was killed
[04Sep2025 01:07:19.488] [Server thread/INFO] [net.minecraft.world.entity.LivingEntity/]: Named entity Slime['Toxic Slime'/56366, l='ServerLevel[world]', x=86.35, y=-20.00, z=135.85] died: Toxic Slime was killed
[04Sep2025 01:07:21.490] [Server thread/INFO] [net.minecraft.world.entity.LivingEntity/]: Named entity Slime['Toxic Slime'/56372, l='ServerLevel[world]', x=102.26, y=-20.00, z=150.74] died: Toxic Slime was killed
[04Sep2025 01:07:32.489] [Server thread/INFO] [net.minecraft.world.entity.LivingEntity/]: Named entity Slime['Toxic Slime'/56429, l='ServerLevel[world]', x=-88.74, y=-20.00, z=-671.98] died: Toxic Slime was killed
[04Sep2025 01:08:15.489] [Server thread/INFO] [net.minecraft.world.entity.LivingEntity/]: Named entity Slime['Toxic Slime'/56718, l='ServerLevel[world]', x=129.78, y=-20.00, z=141.71] died: Toxic Slime was killed
[04Sep2025 01:08:21.771] [Server thread/INFO] [net.minecraft.world.entity.LivingEntity/]: Named entity Slime['Toxic Slime'/56883, l='ServerLevel[world]', x=100.44, y=32.89, z=85.26] died: 1$s has perished from holy damage
